<?xml version="1.0" encoding="UTF-8"?>
<!-- Generated by org.testng.reporters.JUnitReportReporter -->
<testsuite skipped="0" hostname="LAPTOP-FOVU4HFP" name="com.employeeapi.testCases.TC006_Get_Request_Authorization" tests="1" failures="0" timestamp="05 Jan 2020 07:24:09 GMT" time="0.013" errors="0">
  <testcase name="checkStatusCode" time="0.013" classname="com.employeeapi.testCases.TC006_Get_Request_Authorization"/>
</testsuite> <!-- com.employeeapi.testCases.TC006_Get_Request_Authorization -->
