<?xml version="1.0" encoding="UTF-8"?>
<!-- Generated by org.testng.reporters.JUnitReportReporter -->
<testsuite skipped="0" hostname="LAPTOP-FOVU4HFP" name="com.employeeapi.testCases.TC_010_Post_Single_User_Record" tests="1" failures="0" timestamp="26 Jan 2020 09:16:04 GMT" time="8.502" errors="0">
  <testcase name="createuser" time="8.502" classname="com.employeeapi.testCases.TC_010_Post_Single_User_Record"/>
</testsuite> <!-- com.employeeapi.testCases.TC_010_Post_Single_User_Record -->
