<?xml version="1.0" encoding="UTF-8"?>
<!-- Generated by org.testng.reporters.JUnitReportReporter -->
<testsuite skipped="0" hostname="LAPTOP-FOVU4HFP" name="com.employeeapi.testCases.TC008_Get_All_User_Records" tests="3" failures="0" timestamp="26 Jan 2020 08:42:52 GMT" time="0.051" errors="0">
  <testcase name="checkStatusCode" time="0.008" classname="com.employeeapi.testCases.TC008_Get_All_User_Records"/>
  <testcase name="checkserverType" time="0.000" classname="com.employeeapi.testCases.TC008_Get_All_User_Records"/>
  <testcase name="checkResposeBody" time="0.043" classname="com.employeeapi.testCases.TC008_Get_All_User_Records"/>
</testsuite> <!-- com.employeeapi.testCases.TC008_Get_All_User_Records -->
