<?xml version="1.0" encoding="UTF-8"?>
<!-- Generated by org.testng.reporters.JUnitReportReporter -->
<testsuite skipped="0" hostname="LAPTOP-FOVU4HFP" name="com.employeeapi.testCases.TC007_Post_Employees_Records" tests="5" failures="0" timestamp="12 Jan 2020 07:20:50 GMT" time="29.450" errors="0">
  <testcase name="createEmployees" time="5.819" classname="com.employeeapi.testCases.TC007_Post_Employees_Records"/>
  <testcase name="createEmployees" time="6.172" classname="com.employeeapi.testCases.TC007_Post_Employees_Records"/>
  <testcase name="createEmployees" time="5.800" classname="com.employeeapi.testCases.TC007_Post_Employees_Records"/>
  <testcase name="createEmployees" time="5.835" classname="com.employeeapi.testCases.TC007_Post_Employees_Records"/>
  <testcase name="createEmployees" time="5.824" classname="com.employeeapi.testCases.TC007_Post_Employees_Records"/>
</testsuite> <!-- com.employeeapi.testCases.TC007_Post_Employees_Records -->
