<?xml version="1.0" encoding="UTF-8"?>
<!-- Generated by org.testng.reporters.JUnitReportReporter -->
<testsuite skipped="0" hostname="LAPTOP-FOVU4HFP" name="com.employeeapi.testCases.TC_009_Get_Single_User_Record" tests="3" failures="0" timestamp="26 Jan 2020 08:46:51 GMT" time="0.054" errors="0">
  <testcase name="checkStatusCode" time="0.008" classname="com.employeeapi.testCases.TC_009_Get_Single_User_Record"/>
  <testcase name="checkResposeBody" time="0.038" classname="com.employeeapi.testCases.TC_009_Get_Single_User_Record"/>
  <testcase name="checkserverType" time="0.008" classname="com.employeeapi.testCases.TC_009_Get_Single_User_Record"/>
</testsuite> <!-- com.employeeapi.testCases.TC_009_Get_Single_User_Record -->
