<?xml version="1.0" encoding="UTF-8"?>
<!-- Generated by org.testng.reporters.JUnitReportReporter -->
<testsuite skipped="0" hostname="LAPTOP-FOVU4HFP" name="com.employeeapi.testCases.TC006_Get_Request_Authorization" tests="1" failures="0" timestamp="25 Aug 2019 08:31:27 GMT" time="0.002" errors="0">
  <testcase name="checkStatusCode" time="0.002" classname="com.employeeapi.testCases.TC006_Get_Request_Authorization"/>
</testsuite> <!-- com.employeeapi.testCases.TC006_Get_Request_Authorization -->
